<?xml version="1.0" encoding="UTF-8"?>
<!-- Generated by org.testng.reporters.JUnitReportReporter -->
<testsuite hostname="DESKTOP-D3234P5" failures="0" tests="6" name="Basic.ParamaterTest" time="26.410" errors="0" timestamp="2024-01-13T11:26:32 IST" skipped="0">
  <testcase classname="Basic.ParamaterTest" name="DPlaceOrder" time="8.512"/>
  <testcase classname="Basic.ParamaterTest" name="AStartBrowser" time="4.302"/>
  <testcase classname="Basic.ParamaterTest" name="Fquit" time="0.180"/>
  <testcase classname="Basic.ParamaterTest" name="CSearchIteam" time="6.280"/>
  <testcase classname="Basic.ParamaterTest" name="ELogin" time="5.219"/>
  <testcase classname="Basic.ParamaterTest" name="BLaunchApp" time="1.917"/>
</testsuite> <!-- Basic.ParamaterTest -->
