<?xml version="1.0" encoding="UTF-8"?>
<!-- Generated by org.testng.reporters.JUnitReportReporter -->
<testsuite hostname="DESKTOP-D3234P5" failures="0" tests="9" name="Basic.ParamaterTest" time="35.807" errors="0" timestamp="2024-01-12T19:55:43 IST" skipped="0">
  <testcase classname="Basic.ParamaterTest" name="CSearchIteam" time="5.681"/>
  <testcase classname="Basic.ParamaterTest" name="Fquit" time="0.268"/>
  <testcase classname="Basic.ParamaterTest" name="AStartBrowser" time="2.924"/>
  <testcase classname="Basic.ParamaterTest" name="BLaunchApp" time="1.840"/>
  <testcase classname="Basic.ParamaterTest" name="ELogin" time="5.134"/>
  <testcase classname="Basic.ParamaterTest" name="DPlaceOrder" time="7.410"/>
  <testcase classname="Basic.ParamaterTest" name="AStartBrowser" time="3.882"/>
  <testcase classname="Basic.ParamaterTest" name="CSearchIteam" time="6.316"/>
  <testcase classname="Basic.ParamaterTest" name="BLaunchApp" time="2.352"/>
</testsuite> <!-- Basic.ParamaterTest -->
