<?xml version="1.0" encoding="UTF-8"?>
<!-- Generated by org.testng.reporters.JUnitReportReporter -->
<testsuite hostname="DESKTOP-D3234P5" failures="0" tests="1" name="basic.LaunchApp" time="25.180" errors="0" timestamp="2024-01-12T13:40:57 IST" skipped="0">
  <testcase classname="basic.LaunchApp" name="Testgoogle" time="25.180"/>
</testsuite> <!-- basic.LaunchApp -->
