<?xml version="1.0" encoding="UTF-8"?>
<!-- Generated by org.testng.reporters.JUnitReportReporter -->
<testsuite hostname="DESKTOP-D3234P5" failures="0" tests="5" name="basic.FlightBookingTest" time="0.017" errors="0" timestamp="2024-01-13T17:22:30 IST" skipped="0">
  <testcase classname="basic.FlightBookingTest" name="Login" time="0.011"/>
  <testcase classname="basic.FlightBookingTest" name="SearchForTheFlight" time="0.001"/>
  <testcase classname="basic.FlightBookingTest" name="BooktheFlight" time="0.001"/>
  <testcase classname="basic.FlightBookingTest" name="SavetheTicket" time="0.002"/>
  <testcase classname="basic.FlightBookingTest" name="Logout" time="0.002"/>
</testsuite> <!-- basic.FlightBookingTest -->
